<?xml version="1.0" encoding="UTF-8"?>
<testsuite name="br.com.linketinder.ui.MenuControllerTest" tests="1" skipped="0" failures="0" errors="0" timestamp="2025-09-25T20:52:30.320Z" hostname="MacBook-Pro-de-Nathalia.local" time="0.0">
  <properties/>
  <testcase name="dummy test" classname="br.com.linketinder.ui.MenuControllerTest" time="0.0"/>
  <system-out><![CDATA[]]></system-out>
  <system-err><![CDATA[]]></system-err>
</testsuite>
