<?xml version="1.0" encoding="UTF-8"?>
<testsuite name="br.com.linketinder.ui.CandidatoCurteVagaActionTest" tests="5" skipped="0" failures="0" errors="0" timestamp="2025-09-25T20:52:30.117Z" hostname="MacBook-Pro-de-Nathalia.local" time="0.025">
  <properties/>
  <testcase name="deve delegar ao controller e retornar true" classname="br.com.linketinder.ui.CandidatoCurteVagaActionTest" time="0.01"/>
  <testcase name="deve lançar exceção se idCandidato for nulo" classname="br.com.linketinder.ui.CandidatoCurteVagaActionTest" time="0.009"/>
  <testcase name="deve lançar exceção se idVaga for nulo" classname="br.com.linketinder.ui.CandidatoCurteVagaActionTest" time="0.003"/>
  <testcase name="deve lançar exceção se idCandidato for negativo" classname="br.com.linketinder.ui.CandidatoCurteVagaActionTest" time="0.001"/>
  <testcase name="deve lançar exceção se idVaga for string não numérica" classname="br.com.linketinder.ui.CandidatoCurteVagaActionTest" time="0.002"/>
  <system-out><![CDATA[]]></system-out>
  <system-err><![CDATA[]]></system-err>
</testsuite>
