<?xml version="1.0" encoding="UTF-8"?>
<testsuite name="br.com.linketinder.ui.ListarEmpresasActionTest" tests="2" skipped="0" failures="0" errors="0" timestamp="2025-09-25T20:52:30.260Z" hostname="MacBook-Pro-de-Nathalia.local" time="0.018">
  <properties/>
  <testcase name="executa ação e imprime empresas corretamente" classname="br.com.linketinder.ui.ListarEmpresasActionTest" time="0.016"/>
  <testcase name="executa ação com lista vazia imprime mensagem apropriada" classname="br.com.linketinder.ui.ListarEmpresasActionTest" time="0.001"/>
  <system-out><![CDATA[]]></system-out>
  <system-err><![CDATA[]]></system-err>
</testsuite>
