<?xml version="1.0" encoding="UTF-8"?>
<testsuite name="br.com.linketinder.controller.EmpresaControllerTest" tests="2" skipped="0" failures="0" errors="0" timestamp="2025-09-25T20:52:29.992Z" hostname="MacBook-Pro-de-Nathalia.local" time="0.007">
  <properties/>
  <testcase name="deve curtir candidato com sucesso" classname="br.com.linketinder.controller.EmpresaControllerTest" time="0.006"/>
  <testcase name="deve implementar interface corretamente" classname="br.com.linketinder.controller.EmpresaControllerTest" time="0.001"/>
  <system-out><![CDATA[]]></system-out>
  <system-err><![CDATA[]]></system-err>
</testsuite>
