<?xml version="1.0" encoding="UTF-8"?>
<testsuite name="br.com.linketinder.ui.ExitActionTest" tests="1" skipped="0" failures="0" errors="0" timestamp="2025-09-25T20:52:30.166Z" hostname="MacBook-Pro-de-Nathalia.local" time="0.003">
  <properties/>
  <testcase name="Testar label da ação de sair" classname="br.com.linketinder.ui.ExitActionTest" time="0.003"/>
  <system-out><![CDATA[]]></system-out>
  <system-err><![CDATA[]]></system-err>
</testsuite>
