<?xml version="1.0" encoding="UTF-8"?>
<testsuite name="br.com.linketinder.MainTest" tests="3" skipped="0" failures="0" errors="0" timestamp="2025-09-25T20:52:29.540Z" hostname="MacBook-Pro-de-Nathalia.local" time="0.399">
  <properties/>
  <testcase name="deve inicializar o sistema corretamente" classname="br.com.linketinder.MainTest" time="0.352"/>
  <testcase name="deve exibir menu principal e encerrar ao digitar 0" classname="br.com.linketinder.MainTest" time="0.012"/>
  <testcase name="deve listar empresas ao escolher a opção 2" classname="br.com.linketinder.MainTest" time="0.035"/>
  <system-out><![CDATA[
Menu Principal:
1 - Listar Candidatos(perfil público)
2 - Listar Empresas(perfil público)
3 - Candidato curtir vaga de empresa
4 - Empresa curtir candidato
5 - Listar matches e revelar dados 
0 - Sair
Nenhuma entrada disponível. Encerrando programa.
]]></system-out>
  <system-err><![CDATA[]]></system-err>
</testsuite>
