<?xml version="1.0" encoding="UTF-8"?>
<testsuite name="br.com.linketinder.dto.DadosPessoaisTest" tests="3" skipped="0" failures="0" errors="0" timestamp="2025-09-25T20:52:30.038Z" hostname="MacBook-Pro-de-Nathalia.local" time="0.002">
  <properties/>
  <testcase name="deve criar dados pessoais corretamente" classname="br.com.linketinder.dto.DadosPessoaisTest" time="0.0"/>
  <testcase name="deve validar campos obrigatórios não nulos" classname="br.com.linketinder.dto.DadosPessoaisTest" time="0.0"/>
  <testcase name="deve integrar com Candidato e Empresa" classname="br.com.linketinder.dto.DadosPessoaisTest" time="0.0"/>
  <system-out><![CDATA[]]></system-out>
  <system-err><![CDATA[]]></system-err>
</testsuite>
