<?xml version="1.0" encoding="UTF-8"?>
<testsuite name="br.com.linketinder.ui.CadastroEmpresaUiMockTest" tests="2" skipped="0" failures="0" errors="0" timestamp="2025-09-25T20:52:30.087Z" hostname="MacBook-Pro-de-Nathalia.local" time="0.027">
  <properties/>
  <testcase name="deve cadastrar nova empresa via UI simulando entrada do usuário" classname="br.com.linketinder.ui.CadastroEmpresaUiMockTest" time="0.026"/>
  <testcase name="não deve cadastrar empresa com id duplicado via UI" classname="br.com.linketinder.ui.CadastroEmpresaUiMockTest" time="0.001"/>
  <system-out><![CDATA[]]></system-out>
  <system-err><![CDATA[]]></system-err>
</testsuite>
