<?xml version="1.0" encoding="UTF-8"?>
<testsuite name="br.com.linketinder.ui.EmpresaCurteCandidatoActionTest" tests="5" skipped="0" failures="0" errors="0" timestamp="2025-09-25T20:52:30.153Z" hostname="MacBook-Pro-de-Nathalia.local" time="0.01">
  <properties/>
  <testcase name="deve delegar ao controller e retornar true" classname="br.com.linketinder.ui.EmpresaCurteCandidatoActionTest" time="0.005"/>
  <testcase name="deve lançar exceção se idEmpresa for nulo" classname="br.com.linketinder.ui.EmpresaCurteCandidatoActionTest" time="0.001"/>
  <testcase name="deve lançar exceção se idCandidato for nulo" classname="br.com.linketinder.ui.EmpresaCurteCandidatoActionTest" time="0.001"/>
  <testcase name="deve lançar exceção se idEmpresa for negativo" classname="br.com.linketinder.ui.EmpresaCurteCandidatoActionTest" time="0.0"/>
  <testcase name="deve lançar exceção se idCandidato for string não numérica" classname="br.com.linketinder.ui.EmpresaCurteCandidatoActionTest" time="0.001"/>
  <system-out><![CDATA[]]></system-out>
  <system-err><![CDATA[]]></system-err>
</testsuite>
