<?xml version="1.0" encoding="UTF-8"?>
<testsuite name="br.com.linketinder.ui.ListarCandidatosActionTest" tests="3" skipped="0" failures="0" errors="0" timestamp="2025-09-25T20:52:30.172Z" hostname="MacBook-Pro-de-Nathalia.local" time="0.086">
  <properties/>
  <testcase name="label retorna texto correto" classname="br.com.linketinder.ui.ListarCandidatosActionTest" time="0.002"/>
  <testcase name="execute imprime id e competencias de todos os candidatos" classname="br.com.linketinder.ui.ListarCandidatosActionTest" time="0.082"/>
  <testcase name="execute não imprime nada se lista de candidatos está vazia" classname="br.com.linketinder.ui.ListarCandidatosActionTest" time="0.001"/>
  <system-out><![CDATA[]]></system-out>
  <system-err><![CDATA[]]></system-err>
</testsuite>
