<?xml version="1.0" encoding="UTF-8"?>
<testsuite name="br.com.linketinder.ui.ConsoleUtilsTest" tests="4" skipped="0" failures="0" errors="0" timestamp="2025-09-25T20:52:30.144Z" hostname="MacBook-Pro-de-Nathalia.local" time="0.007">
  <properties/>
  <testcase name="Testar método de conversão de string para inteiro com entrada válida" classname="br.com.linketinder.ui.ConsoleUtilsTest" time="0.003"/>
  <testcase name="Testar método de conversão de string para inteiro com entrada inválida" classname="br.com.linketinder.ui.ConsoleUtilsTest" time="0.0"/>
  <testcase name="Testar método de conversão de string para inteiro com fallback customizado" classname="br.com.linketinder.ui.ConsoleUtilsTest" time="0.0"/>
  <testcase name="Testar método de validação de índice" classname="br.com.linketinder.ui.ConsoleUtilsTest" time="0.002"/>
  <system-out><![CDATA[]]></system-out>
  <system-err><![CDATA[]]></system-err>
</testsuite>
