<?xml version="1.0" encoding="UTF-8"?>
<testsuite name="br.com.linketinder.controller.CandidatoControllerTest" tests="2" skipped="0" failures="0" errors="0" timestamp="2025-09-25T20:52:29.943Z" hostname="MacBook-Pro-de-Nathalia.local" time="0.045">
  <properties/>
  <testcase name="deve curtir vaga com sucesso" classname="br.com.linketinder.controller.CandidatoControllerTest" time="0.044"/>
  <testcase name="deve implementar interface corretamente" classname="br.com.linketinder.controller.CandidatoControllerTest" time="0.0"/>
  <system-out><![CDATA[]]></system-out>
  <system-err><![CDATA[]]></system-err>
</testsuite>
